<?xml version="1.0" encoding="utf-8"?><testsuites name="pytest tests"><testsuite name="pytest" errors="0" failures="0" skipped="0" tests="12" time="3.844" timestamp="2026-03-22T18:24:42.597048+00:00" hostname="agent-env-66ac6df6-0127-482b-b0ff-0522a2f8878f"><testcase classname="backend.tests.test_image_upload.TestImageUploadAndDisplay" name="test_avatar_upload_endpoint_exists" time="0.353" /><testcase classname="backend.tests.test_image_upload.TestImageUploadAndDisplay" name="test_avatar_upload_invalid_file_type" time="0.256" /><testcase classname="backend.tests.test_image_upload.TestImageUploadAndDisplay" name="test_avatar_upload_updates_user_profile" time="0.270" /><testcase classname="backend.tests.test_image_upload.TestImageUploadAndDisplay" name="test_uploaded_avatar_is_accessible" time="0.306" /><testcase classname="backend.tests.test_image_upload.TestImageUploadAndDisplay" name="test_post_with_image_upload" time="0.289" /><testcase classname="backend.tests.test_image_upload.TestImageUploadAndDisplay" name="test_post_image_is_accessible" time="0.360" /><testcase classname="backend.tests.test_image_upload.TestImageUploadAndDisplay" name="test_feed_posts_have_correct_media_urls" time="0.871" /><testcase classname="backend.tests.test_image_upload.TestImageUploadAndDisplay" name="test_artist_profile_has_avatar" time="0.209" /><testcase classname="backend.tests.test_image_upload.TestImageUploadAndDisplay" name="test_artists_list_has_avatars" time="0.257" /><testcase classname="backend.tests.test_image_upload.TestImageUploadAndDisplay" name="test_portfolio_image_upload" time="0.359" /><testcase classname="backend.tests.test_image_upload.TestGetMediaUrlLogic" name="test_external_urls_unchanged" time="0.112" /><testcase classname="backend.tests.test_image_upload.TestGetMediaUrlLogic" name="test_local_uploads_have_correct_path" time="0.119" /></testsuite></testsuites>