<?xml version="1.0" encoding="utf-8"?><testsuites name="pytest tests"><testsuite name="pytest" errors="0" failures="0" skipped="0" tests="18" time="4.186" timestamp="2026-03-22T18:06:54.283226+00:00" hostname="agent-env-66ac6df6-0127-482b-b0ff-0522a2f8878f"><testcase classname="backend.tests.test_rbac_feed.TestHealthAndSetup" name="test_api_health" time="0.270" /><testcase classname="backend.tests.test_rbac_feed.TestHealthAndSetup" name="test_seed_data" time="0.115" /><testcase classname="backend.tests.test_rbac_feed.TestArtistLogin" name="test_artist_login" time="0.138" /><testcase classname="backend.tests.test_rbac_feed.TestInstitutionLogin" name="test_institution_login" time="0.102" /><testcase classname="backend.tests.test_rbac_feed.TestFeedViewAccess" name="test_public_can_view_feed" time="0.106" /><testcase classname="backend.tests.test_rbac_feed.TestFeedViewAccess" name="test_artist_can_view_feed" time="0.201" /><testcase classname="backend.tests.test_rbac_feed.TestFeedViewAccess" name="test_institution_can_view_feed" time="0.244" /><testcase classname="backend.tests.test_rbac_feed.TestArtistCanInteract" name="test_artist_can_create_post" time="0.232" /><testcase classname="backend.tests.test_rbac_feed.TestArtistCanInteract" name="test_artist_can_like_post" time="0.355" /><testcase classname="backend.tests.test_rbac_feed.TestArtistCanInteract" name="test_artist_can_comment" time="0.365" /><testcase classname="backend.tests.test_rbac_feed.TestInstitutionCannotInteract" name="test_institution_cannot_create_post" time="0.203" /><testcase classname="backend.tests.test_rbac_feed.TestInstitutionCannotInteract" name="test_institution_cannot_like_post" time="0.340" /><testcase classname="backend.tests.test_rbac_feed.TestInstitutionCannotInteract" name="test_institution_cannot_comment" time="0.355" /><testcase classname="backend.tests.test_rbac_feed.TestStatisticsAccess" name="test_public_can_view_overview_stats" time="0.113" /><testcase classname="backend.tests.test_rbac_feed.TestStatisticsAccess" name="test_artist_cannot_access_detailed_stats" time="0.219" /><testcase classname="backend.tests.test_rbac_feed.TestStatisticsAccess" name="test_institution_can_access_detailed_stats" time="0.206" /><testcase classname="backend.tests.test_rbac_feed.TestStatisticsAccess" name="test_admin_can_access_detailed_stats" time="0.230" /><testcase classname="backend.tests.test_rbac_feed.TestCommentsViewAccess" name="test_public_can_view_comments" time="0.216" /></testsuite></testsuites>